# JRE version: OpenJDK Runtime Environment Temurin-17.0.8.1+1 (17.0.8.1+1) (build 17.0.8.1+1)
# Java VM: OpenJDK 64-Bit Server VM Temurin-17.0.8.1+1 (17.0.8.1+1, mixed mode, tiered, compressed oops, compressed class ptrs, g1 gc, windows-amd64)
GC Precious Log:
 CPUs: 8 total, 8 available
 Memory: 7987M
 Large Page Support: Disabled
 NUMA Support: Disabled
 Compressed Oops: Enabled (32-bit)
 Heap Region Size: 1M
 Heap Min Capacity: 8M
 Heap Initial Capacity: 126M
 Heap Max Capacity: 1998M
 Pre-touch: Disabled
 Parallel Workers: 8
 Concurrent Workers: 2
 Concurrent Refinement Workers: 8
 Periodic GC: Disabled
Heap:
 garbage-first heap   total 84992K, used 71227K [0x0000000083200000, 0x0000000100000000)
  region size 1024K, 36 young (36864K), 1 survivors (1024K)
 Metaspace       used 83527K, committed 84032K, reserved 1179648K
  class space    used 10429K, committed 10688K, reserved 1048576K
GC Heap History (20 events):
Event: 531.515 GC heap before
{Heap before GC invocations=164 (full 0):
 garbage-first heap   total 84992K, used 73312K [0x0000000083200000, 0x0000000100000000)
  region size 1024K, 36 young (36864K), 1 survivors (1024K)
 Metaspace       used 83228K, committed 83840K, reserved 1179648K
  class space    used 10384K, committed 10688K, reserved 1048576K
}
Event: 531.517 GC heap after
{Heap after GC invocations=165 (full 0):
 garbage-first heap   total 84992K, used 37493K [0x0000000083200000, 0x0000000100000000)
  region size 1024K, 1 young (1024K), 1 survivors (1024K)
 Metaspace       used 83228K, committed 83840K, reserved 1179648K
  class space    used 10384K, committed 10688K, reserved 1048576K
}
Event: 531.737 GC heap before
{Heap before GC invocations=165 (full 0):
 garbage-first heap   total 84992K, used 72309K [0x0000000083200000, 0x0000000100000000)
  region size 1024K, 36 young (36864K), 1 survivors (1024K)
 Metaspace       used 83228K, committed 83840K, reserved 1179648K
  class space    used 10384K, committed 10688K, reserved 1048576K
}
Event: 531.738 GC heap after
{Heap after GC invocations=166 (full 0):
 garbage-first heap   total 84992K, used 37583K [0x0000000083200000, 0x0000000100000000)
  region size 1024K, 1 young (1024K), 1 survivors (1024K)
 Metaspace       used 83228K, committed 83840K, reserved 1179648K
  class space    used 10384K, committed 10688K, reserved 1048576K
}
Event: 532.018 GC heap before
{Heap before GC invocations=166 (full 0):
 garbage-first heap   total 84992K, used 73423K [0x0000000083200000, 0x0000000100000000)
  region size 1024K, 36 young (36864K), 1 survivors (1024K)
 Metaspace       used 83228K, committed 83840K, reserved 1179648K
  class space    used 10384K, committed 10688K, reserved 1048576K
}
Event: 532.018 GC heap after
{Heap after GC invocations=167 (full 0):
 garbage-first heap   total 84992K, used 37617K [0x0000000083200000, 0x0000000100000000)
  region size 1024K, 1 young (1024K), 1 survivors (1024K)
 Metaspace       used 83228K, committed 83840K, reserved 1179648K
  class space    used 10384K, committed 10688K, reserved 1048576K
}
Event: 532.536 GC heap before
{Heap before GC invocations=167 (full 0):
 garbage-first heap   total 84992K, used 72433K [0x0000000083200000, 0x0000000100000000)
  region size 1024K, 36 young (36864K), 1 survivors (1024K)
 Metaspace       used 83228K, committed 83840K, reserved 1179648K
  class space    used 10384K, committed 10688K, reserved 1048576K
}
Event: 532.536 GC heap after
{Heap after GC invocations=168 (full 0):
 garbage-first heap   total 84992K, used 37572K [0x0000000083200000, 0x0000000100000000)
  region size 1024K, 1 young (1024K), 1 survivors (1024K)
 Metaspace       used 83228K, committed 83840K, reserved 1179648K
  class space    used 10384K, committed 10688K, reserved 1048576K
}
Event: 532.837 GC heap before
{Heap before GC invocations=168 (full 0):
 garbage-first heap   total 84992K, used 72388K [0x0000000083200000, 0x0000000100000000)
  region size 1024K, 36 young (36864K), 1 survivors (1024K)
 Metaspace       used 83228K, committed 83840K, reserved 1179648K
  class space    used 10384K, committed 10688K, reserved 1048576K
}
Event: 532.838 GC heap after
{Heap after GC invocations=169 (full 0):
 garbage-first heap   total 84992K, used 37382K [0x0000000083200000, 0x0000000100000000)
  region size 1024K, 1 young (1024K), 1 survivors (1024K)
 Metaspace       used 83228K, committed 83840K, reserved 1179648K
  class space    used 10384K, committed 10688K, reserved 1048576K
}
Event: 533.884 GC heap before
{Heap before GC invocations=169 (full 0):
 garbage-first heap   total 84992K, used 72198K [0x0000000083200000, 0x0000000100000000)
  region size 1024K, 36 young (36864K), 1 survivors (1024K)
 Metaspace       used 83231K, committed 83840K, reserved 1179648K
  class space    used 10384K, committed 10688K, reserved 1048576K
}
Event: 533.884 GC heap after
{Heap after GC invocations=170 (full 0):
 garbage-first heap   total 84992K, used 37365K [0x0000000083200000, 0x0000000100000000)
  region size 1024K, 1 young (1024K), 1 survivors (1024K)
 Metaspace       used 83231K, committed 83840K, reserved 1179648K
  class space    used 10384K, committed 10688K, reserved 1048576K
}
Event: 534.567 GC heap before
{Heap before GC invocations=170 (full 0):
 garbage-first heap   total 84992K, used 73205K [0x0000000083200000, 0x0000000100000000)
  region size 1024K, 36 young (36864K), 1 survivors (1024K)
 Metaspace       used 83231K, committed 83840K, reserved 1179648K
  class space    used 10384K, committed 10688K, reserved 1048576K
}
Event: 534.568 GC heap after
{Heap after GC invocations=171 (full 0):
 garbage-first heap   total 84992K, used 37423K [0x0000000083200000, 0x0000000100000000)
  region size 1024K, 1 young (1024K), 1 survivors (1024K)
 Metaspace       used 83231K, committed 83840K, reserved 1179648K
  class space    used 10384K, committed 10688K, reserved 1048576K
}
Event: 537.560 GC heap before
{Heap before GC invocations=171 (full 0):
 garbage-first heap   total 84992K, used 72239K [0x0000000083200000, 0x0000000100000000)
  region size 1024K, 36 young (36864K), 1 survivors (1024K)
 Metaspace       used 83232K, committed 83840K, reserved 1179648K
  class space    used 10384K, committed 10688K, reserved 1048576K
}
Event: 537.561 GC heap after
{Heap after GC invocations=172 (full 0):
 garbage-first heap   total 84992K, used 37419K [0x0000000083200000, 0x0000000100000000)
  region size 1024K, 1 young (1024K), 1 survivors (1024K)
 Metaspace       used 83232K, committed 83840K, reserved 1179648K
  class space    used 10384K, committed 10688K, reserved 1048576K
}
Event: 541.348 GC heap before
{Heap before GC invocations=172 (full 0):
 garbage-first heap   total 84992K, used 72235K [0x0000000083200000, 0x0000000100000000)
  region size 1024K, 36 young (36864K), 1 survivors (1024K)
 Metaspace       used 83233K, committed 83840K, reserved 1179648K
  class space    used 10384K, committed 10688K, reserved 1048576K
}
Event: 541.350 GC heap after
{Heap after GC invocations=173 (full 0):
 garbage-first heap   total 84992K, used 37560K [0x0000000083200000, 0x0000000100000000)
  region size 1024K, 1 young (1024K), 1 survivors (1024K)
 Metaspace       used 83233K, committed 83840K, reserved 1179648K
  class space    used 10384K, committed 10688K, reserved 1048576K
}
Event: 542.060 GC heap before
{Heap before GC invocations=173 (full 0):
 garbage-first heap   total 84992K, used 73400K [0x0000000083200000, 0x0000000100000000)
  region size 1024K, 36 young (36864K), 1 survivors (1024K)
 Metaspace       used 83233K, committed 83840K, reserved 1179648K
  class space    used 10384K, committed 10688K, reserved 1048576K
}
Event: 542.061 GC heap after
{Heap after GC invocations=174 (full 0):
 garbage-first heap   total 84992K, used 37435K [0x0000000083200000, 0x0000000100000000)
  region size 1024K, 1 young (1024K), 1 survivors (1024K)
 Metaspace       used 83233K, committed 83840K, reserved 1179648K
  class space    used 10384K, committed 10688K, reserved 1048576K
}

